<?xml version="1.0" encoding="UTF-8"?>
<!-- Generated by org.testng.reporters.JUnitReportReporter -->
<testsuite hostname="APEX-FDKMCK3" failures="0" tests="1" name="org.example.DownloadPatientsDocumentsLogs" time="41.268" errors="0" timestamp="2024-11-28T20:43:43 EET" skipped="0">
  <testcase classname="org.example.DownloadPatientsDocumentsLogs" name="testUntitledTestCase" time="41.268"/>
</testsuite> <!-- org.example.DownloadPatientsDocumentsLogs -->
