<?xml version="1.0" encoding="UTF-8"?>
<!-- Generated by org.testng.reporters.JUnitReportReporter -->
<testsuite hostname="APEX-FDKMCK3" failures="0" tests="1" name="org.example.DownloadPatientsDocuments" time="1115.369" errors="0" timestamp="2024-11-27T17:03:19 EET" skipped="0">
  <testcase classname="org.example.DownloadPatientsDocuments" name="testUntitledTestCase" time="1115.369"/>
</testsuite> <!-- org.example.DownloadPatientsDocuments -->
