<?xml version="1.0" encoding="UTF-8"?>
<!-- Generated by org.testng.reporters.JUnitReportReporter -->
<testsuite hostname="APEX-FDKMCK3" failures="0" tests="1" name="org.example.Tests.CHG.DownloadPatientsDocumentsLogs" time="90.029" errors="0" timestamp="2024-11-27T23:34:20 EET" skipped="0">
  <testcase classname="org.example.Tests.CHG.DownloadPatientsDocumentsLogs" name="testUntitledTestCase" time="90.029"/>
</testsuite> <!-- org.example.Tests.CHG.DownloadPatientsDocumentsLogs -->
