<?xml version="1.0" encoding="UTF-8"?>
<!-- Generated by org.testng.reporters.JUnitReportReporter -->
<testsuite hostname="APEX-FDKMCK3" failures="0" tests="1" name="org.example.Tests.DownloadPatientsDocuments" time="83.199" errors="0" timestamp="2024-11-27T16:25:00 EET" skipped="0">
  <testcase classname="org.example.Tests.DownloadPatientsDocuments" name="testUntitledTestCase" time="83.199"/>
</testsuite> <!-- org.example.Tests.DownloadPatientsDocuments -->
