<?xml version="1.0" encoding="UTF-8"?>
<!-- Generated by org.testng.reporters.JUnitReportReporter -->
<testsuite hostname="APEX-FDKMCK3" failures="0" tests="1" name="org.example.CHG_DownloadPatientsDocuments_NEW" time="12.725" errors="0" timestamp="2024-12-12T00:03:30 EET" skipped="0">
  <testcase classname="org.example.CHG_DownloadPatientsDocuments_NEW" name="testUntitledTestCase" time="12.725"/>
</testsuite> <!-- org.example.CHG_DownloadPatientsDocuments_NEW -->
